# JRE version: Java(TM) SE Runtime Environment (8.0_144-b01) (build 1.8.0_144-b01)
# Java VM: Java HotSpot(TM) 64-Bit Server VM (25.144-b01 mixed mode windows-amd64 compressed oops)
Heap:
 PSYoungGen      total 147968K, used 8605K [0x000000076ab00000, 0x0000000779c80000, 0x00000007c0000000)
  eden space 122880K, 7% used [0x000000076ab00000,0x000000076b367540,0x0000000772300000)
  from space 25088K, 0% used [0x0000000772300000,0x0000000772300000,0x0000000773b80000)
  to   space 32256K, 0% used [0x0000000777d00000,0x0000000777d00000,0x0000000779c80000)
 ParOldGen       total 202240K, used 51126K [0x00000006c0000000, 0x00000006cc580000, 0x000000076ab00000)
  object space 202240K, 25% used [0x00000006c0000000,0x00000006c31edaa8,0x00000006cc580000)
 Metaspace       used 35655K, capacity 36454K, committed 36776K, reserved 1081344K
  class space    used 4050K, capacity 4277K, committed 4352K, reserved 1048576K
GC Heap History (10 events):
Event: 6.198 GC heap before
{Heap before GC invocations=5 (full 0):
 PSYoungGen      total 76288K, used 41263K [0x000000076ab00000, 0x0000000770000000, 0x00000007c0000000)
  eden space 65536K, 46% used [0x000000076ab00000,0x000000076c8d3b68,0x000000076eb00000)
  from space 10752K, 99% used [0x000000076f580000,0x000000076fff83e0,0x0000000770000000)
  to   space 10752K, 0% used [0x000000076eb00000,0x000000076eb00000,0x000000076f580000)
 ParOldGen       total 175104K, used 4859K [0x00000006c0000000, 0x00000006cab00000, 0x000000076ab00000)
  object space 175104K, 2% used [0x00000006c0000000,0x00000006c04bef00,0x00000006cab00000)
 Metaspace       used 20501K, capacity 21138K, committed 21296K, reserved 1069056K
  class space    used 2420K, capacity 2601K, committed 2688K, reserved 1048576K
Event: 6.221 GC heap after
Heap after GC invocations=5 (full 0):
 PSYoungGen      total 76288K, used 10728K [0x000000076ab00000, 0x0000000775700000, 0x00000007c0000000)
  eden space 65536K, 0% used [0x000000076ab00000,0x000000076ab00000,0x000000076eb00000)
  from space 10752K, 99% used [0x000000076eb00000,0x000000076f57a228,0x000000076f580000)
  to   space 22528K, 0% used [0x0000000774100000,0x0000000774100000,0x0000000775700000)
 ParOldGen       total 175104K, used 15800K [0x00000006c0000000, 0x00000006cab00000, 0x000000076ab00000)
  object space 175104K, 9% used [0x00000006c0000000,0x00000006c0f6e138,0x00000006cab00000)
 Metaspace       used 20501K, capacity 21138K, committed 21296K, reserved 1069056K
  class space    used 2420K, capacity 2601K, committed 2688K, reserved 1048576K
}
Event: 6.221 GC heap before
{Heap before GC invocations=6 (full 1):
 PSYoungGen      total 76288K, used 10728K [0x000000076ab00000, 0x0000000775700000, 0x00000007c0000000)
  eden space 65536K, 0% used [0x000000076ab00000,0x000000076ab00000,0x000000076eb00000)
  from space 10752K, 99% used [0x000000076eb00000,0x000000076f57a228,0x000000076f580000)
  to   space 22528K, 0% used [0x0000000774100000,0x0000000774100000,0x0000000775700000)
 ParOldGen       total 175104K, used 15800K [0x00000006c0000000, 0x00000006cab00000, 0x000000076ab00000)
  object space 175104K, 9% used [0x00000006c0000000,0x00000006c0f6e138,0x00000006cab00000)
 Metaspace       used 20501K, capacity 21138K, committed 21296K, reserved 1069056K
  class space    used 2420K, capacity 2601K, committed 2688K, reserved 1048576K
Event: 6.272 GC heap after
Heap after GC invocations=6 (full 1):
 PSYoungGen      total 76288K, used 0K [0x000000076ab00000, 0x0000000775700000, 0x00000007c0000000)
  eden space 65536K, 0% used [0x000000076ab00000,0x000000076ab00000,0x000000076eb00000)
  from space 10752K, 0% used [0x000000076eb00000,0x000000076eb00000,0x000000076f580000)
  to   space 22528K, 0% used [0x0000000774100000,0x0000000774100000,0x0000000775700000)
 ParOldGen       total 119808K, used 23602K [0x00000006c0000000, 0x00000006c7500000, 0x000000076ab00000)
  object space 119808K, 19% used [0x00000006c0000000,0x00000006c170ca80,0x00000006c7500000)
 Metaspace       used 20501K, capacity 21138K, committed 21296K, reserved 1069056K
  class space    used 2420K, capacity 2601K, committed 2688K, reserved 1048576K
}
Event: 7.436 GC heap before
{Heap before GC invocations=7 (full 1):
 PSYoungGen      total 76288K, used 65536K [0x000000076ab00000, 0x0000000775700000, 0x00000007c0000000)
  eden space 65536K, 100% used [0x000000076ab00000,0x000000076eb00000,0x000000076eb00000)
  from space 10752K, 0% used [0x000000076eb00000,0x000000076eb00000,0x000000076f580000)
  to   space 22528K, 0% used [0x0000000774100000,0x0000000774100000,0x0000000775700000)
 ParOldGen       total 119808K, used 23602K [0x00000006c0000000, 0x00000006c7500000, 0x000000076ab00000)
  object space 119808K, 19% used [0x00000006c0000000,0x00000006c170ca80,0x00000006c7500000)
 Metaspace       used 26089K, capacity 26814K, committed 27136K, reserved 1073152K
  class space    used 3021K, capacity 3217K, committed 3328K, reserved 1048576K
Event: 7.447 GC heap after
Heap after GC invocations=7 (full 1):
 PSYoungGen      total 128512K, used 19450K [0x000000076ab00000, 0x0000000775400000, 0x00000007c0000000)
  eden space 109056K, 0% used [0x000000076ab00000,0x000000076ab00000,0x0000000771580000)
  from space 19456K, 99% used [0x0000000774100000,0x00000007753fe970,0x0000000775400000)
  to   space 25088K, 0% used [0x0000000772300000,0x0000000772300000,0x0000000773b80000)
 ParOldGen       total 119808K, used 23610K [0x00000006c0000000, 0x00000006c7500000, 0x000000076ab00000)
  object space 119808K, 19% used [0x00000006c0000000,0x00000006c170ea80,0x00000006c7500000)
 Metaspace       used 26089K, capacity 26814K, committed 27136K, reserved 1073152K
  class space    used 3021K, capacity 3217K, committed 3328K, reserved 1048576K
}
Event: 8.291 GC heap before
{Heap before GC invocations=8 (full 1):
 PSYoungGen      total 128512K, used 83349K [0x000000076ab00000, 0x0000000775400000, 0x00000007c0000000)
  eden space 109056K, 58% used [0x000000076ab00000,0x000000076e966b08,0x0000000771580000)
  from space 19456K, 99% used [0x0000000774100000,0x00000007753fe970,0x0000000775400000)
  to   space 25088K, 0% used [0x0000000772300000,0x0000000772300000,0x0000000773b80000)
 ParOldGen       total 119808K, used 23610K [0x00000006c0000000, 0x00000006c7500000, 0x000000076ab00000)
  object space 119808K, 19% used [0x00000006c0000000,0x00000006c170ea80,0x00000006c7500000)
 Metaspace       used 34674K, capacity 35430K, committed 35496K, reserved 1081344K
  class space    used 3878K, capacity 4085K, committed 4096K, reserved 1048576K
Event: 8.308 GC heap after
Heap after GC invocations=8 (full 1):
 PSYoungGen      total 147968K, used 25061K [0x000000076ab00000, 0x0000000779c80000, 0x00000007c0000000)
  eden space 122880K, 0% used [0x000000076ab00000,0x000000076ab00000,0x0000000772300000)
  from space 25088K, 99% used [0x0000000772300000,0x0000000773b79630,0x0000000773b80000)
  to   space 32256K, 0% used [0x0000000777d00000,0x0000000777d00000,0x0000000779c80000)
 ParOldGen       total 119808K, used 29911K [0x00000006c0000000, 0x00000006c7500000, 0x000000076ab00000)
  object space 119808K, 24% used [0x00000006c0000000,0x00000006c1d35e30,0x00000006c7500000)
 Metaspace       used 34674K, capacity 35430K, committed 35496K, reserved 1081344K
  class space    used 3878K, capacity 4085K, committed 4096K, reserved 1048576K
}
Event: 8.309 GC heap before
{Heap before GC invocations=9 (full 2):
 PSYoungGen      total 147968K, used 25061K [0x000000076ab00000, 0x0000000779c80000, 0x00000007c0000000)
  eden space 122880K, 0% used [0x000000076ab00000,0x000000076ab00000,0x0000000772300000)
  from space 25088K, 99% used [0x0000000772300000,0x0000000773b79630,0x0000000773b80000)
  to   space 32256K, 0% used [0x0000000777d00000,0x0000000777d00000,0x0000000779c80000)
 ParOldGen       total 119808K, used 29911K [0x00000006c0000000, 0x00000006c7500000, 0x000000076ab00000)
  object space 119808K, 24% used [0x00000006c0000000,0x00000006c1d35e30,0x00000006c7500000)
 Metaspace       used 34674K, capacity 35430K, committed 35496K, reserved 1081344K
  class space    used 3878K, capacity 4085K, committed 4096K, reserved 1048576K
Event: 8.411 GC heap after
Heap after GC invocations=9 (full 2):
 PSYoungGen      total 147968K, used 0K [0x000000076ab00000, 0x0000000779c80000, 0x00000007c0000000)
  eden space 122880K, 0% used [0x000000076ab00000,0x000000076ab00000,0x0000000772300000)
  from space 25088K, 0% used [0x0000000772300000,0x0000000772300000,0x0000000773b80000)
  to   space 32256K, 0% used [0x0000000777d00000,0x0000000777d00000,0x0000000779c80000)
 ParOldGen       total 202240K, used 51126K [0x00000006c0000000, 0x00000006cc580000, 0x000000076ab00000)
  object space 202240K, 25% used [0x00000006c0000000,0x00000006c31edaa8,0x00000006cc580000)
 Metaspace       used 34674K, capacity 35430K, committed 35496K, reserved 1081344K
  class space    used 3878K, capacity 4085K, committed 4096K, reserved 1048576K
}

