# JRE version: Java(TM) SE Runtime Environment (8.0_144-b01) (build 1.8.0_144-b01)
# Java VM: Java HotSpot(TM) 64-Bit Server VM (25.144-b01 mixed mode windows-amd64 compressed oops)
Heap:
 PSYoungGen      total 120832K, used 66308K [0x000000076ab00000, 0x0000000775480000, 0x00000007c0000000)
  eden space 101376K, 46% used [0x000000076ab00000,0x000000076d8cff68,0x0000000770e00000)
  from space 19456K, 99% used [0x0000000774180000,0x00000007754710e0,0x0000000775480000)
  to   space 25088K, 64% used [0x0000000772380000,0x0000000773367a00,0x0000000773c00000)
 ParOldGen       total 129024K, used 23636K [0x00000006c0000000, 0x00000006c7e00000, 0x000000076ab00000)
  object space 129024K, 18% used [0x00000006c0000000,0x00000006c17150e8,0x00000006c7e00000)
 Metaspace       used 30137K, capacity 30886K, committed 30976K, reserved 1077248K
  class space    used 3381K, capacity 3573K, committed 3584K, reserved 1048576K
GC Heap History (10 events):
Event: 2.449 GC heap after
Heap after GC invocations=3 (full 0):
 PSYoungGen      total 76288K, used 9168K [0x000000076ab00000, 0x0000000770000000, 0x00000007c0000000)
  eden space 65536K, 0% used [0x000000076ab00000,0x000000076ab00000,0x000000076eb00000)
  from space 10752K, 85% used [0x000000076eb00000,0x000000076f3f4010,0x000000076f580000)
  to   space 10752K, 0% used [0x000000076f580000,0x000000076f580000,0x0000000770000000)
 ParOldGen       total 175104K, used 32K [0x00000006c0000000, 0x00000006cab00000, 0x000000076ab00000)
  object space 175104K, 0% used [0x00000006c0000000,0x00000006c0008000,0x00000006cab00000)
 Metaspace       used 13518K, capacity 13844K, committed 13952K, reserved 1060864K
  class space    used 1599K, capacity 1662K, committed 1664K, reserved 1048576K
}
Event: 6.034 GC heap before
{Heap before GC invocations=4 (full 0):
 PSYoungGen      total 76288K, used 74704K [0x000000076ab00000, 0x0000000770000000, 0x00000007c0000000)
  eden space 65536K, 100% used [0x000000076ab00000,0x000000076eb00000,0x000000076eb00000)
  from space 10752K, 85% used [0x000000076eb00000,0x000000076f3f4010,0x000000076f580000)
  to   space 10752K, 0% used [0x000000076f580000,0x000000076f580000,0x0000000770000000)
 ParOldGen       total 175104K, used 32K [0x00000006c0000000, 0x00000006cab00000, 0x000000076ab00000)
  object space 175104K, 0% used [0x00000006c0000000,0x00000006c0008000,0x00000006cab00000)
 Metaspace       used 17199K, capacity 17842K, committed 18176K, reserved 1064960K
  class space    used 2008K, capacity 2185K, committed 2304K, reserved 1048576K
Event: 6.044 GC heap after
Heap after GC invocations=4 (full 0):
 PSYoungGen      total 76288K, used 10721K [0x000000076ab00000, 0x0000000770000000, 0x00000007c0000000)
  eden space 65536K, 0% used [0x000000076ab00000,0x000000076ab00000,0x000000076eb00000)
  from space 10752K, 99% used [0x000000076f580000,0x000000076fff8400,0x0000000770000000)
  to   space 10752K, 0% used [0x000000076eb00000,0x000000076eb00000,0x000000076f580000)
 ParOldGen       total 175104K, used 4859K [0x00000006c0000000, 0x00000006cab00000, 0x000000076ab00000)
  object space 175104K, 2% used [0x00000006c0000000,0x00000006c04becf8,0x00000006cab00000)
 Metaspace       used 17199K, capacity 17842K, committed 18176K, reserved 1064960K
  class space    used 2008K, capacity 2185K, committed 2304K, reserved 1048576K
}
Event: 6.474 GC heap before
{Heap before GC invocations=5 (full 0):
 PSYoungGen      total 76288K, used 42504K [0x000000076ab00000, 0x0000000770000000, 0x00000007c0000000)
  eden space 65536K, 48% used [0x000000076ab00000,0x000000076ca09cf8,0x000000076eb00000)
  from space 10752K, 99% used [0x000000076f580000,0x000000076fff8400,0x0000000770000000)
  to   space 10752K, 0% used [0x000000076eb00000,0x000000076eb00000,0x000000076f580000)
 ParOldGen       total 175104K, used 4859K [0x00000006c0000000, 0x00000006cab00000, 0x000000076ab00000)
  object space 175104K, 2% used [0x00000006c0000000,0x00000006c04becf8,0x00000006cab00000)
 Metaspace       used 20521K, capacity 21138K, committed 21296K, reserved 1069056K
  class space    used 2418K, capacity 2601K, committed 2688K, reserved 1048576K
Event: 6.489 GC heap after
Heap after GC invocations=5 (full 0):
 PSYoungGen      total 76288K, used 10735K [0x000000076ab00000, 0x0000000775800000, 0x00000007c0000000)
  eden space 65536K, 0% used [0x000000076ab00000,0x000000076ab00000,0x000000076eb00000)
  from space 10752K, 99% used [0x000000076eb00000,0x000000076f57bde8,0x000000076f580000)
  to   space 23040K, 0% used [0x0000000774180000,0x0000000774180000,0x0000000775800000)
 ParOldGen       total 175104K, used 15789K [0x00000006c0000000, 0x00000006cab00000, 0x000000076ab00000)
  object space 175104K, 9% used [0x00000006c0000000,0x00000006c0f6b780,0x00000006cab00000)
 Metaspace       used 20521K, capacity 21138K, committed 21296K, reserved 1069056K
  class space    used 2418K, capacity 2601K, committed 2688K, reserved 1048576K
}
Event: 6.489 GC heap before
{Heap before GC invocations=6 (full 1):
 PSYoungGen      total 76288K, used 10735K [0x000000076ab00000, 0x0000000775800000, 0x00000007c0000000)
  eden space 65536K, 0% used [0x000000076ab00000,0x000000076ab00000,0x000000076eb00000)
  from space 10752K, 99% used [0x000000076eb00000,0x000000076f57bde8,0x000000076f580000)
  to   space 23040K, 0% used [0x0000000774180000,0x0000000774180000,0x0000000775800000)
 ParOldGen       total 175104K, used 15789K [0x00000006c0000000, 0x00000006cab00000, 0x000000076ab00000)
  object space 175104K, 9% used [0x00000006c0000000,0x00000006c0f6b780,0x00000006cab00000)
 Metaspace       used 20521K, capacity 21138K, committed 21296K, reserved 1069056K
  class space    used 2418K, capacity 2601K, committed 2688K, reserved 1048576K
Event: 6.554 GC heap after
Heap after GC invocations=6 (full 1):
 PSYoungGen      total 76288K, used 0K [0x000000076ab00000, 0x0000000775800000, 0x00000007c0000000)
  eden space 65536K, 0% used [0x000000076ab00000,0x000000076ab00000,0x000000076eb00000)
  from space 10752K, 0% used [0x000000076eb00000,0x000000076eb00000,0x000000076f580000)
  to   space 23040K, 0% used [0x0000000774180000,0x0000000774180000,0x0000000775800000)
 ParOldGen       total 129024K, used 23620K [0x00000006c0000000, 0x00000006c7e00000, 0x000000076ab00000)
  object space 129024K, 18% used [0x00000006c0000000,0x00000006c17110e8,0x00000006c7e00000)
 Metaspace       used 20521K, capacity 21138K, committed 21296K, reserved 1069056K
  class space    used 2418K, capacity 2601K, committed 2688K, reserved 1048576K
}
Event: 7.610 GC heap before
{Heap before GC invocations=7 (full 1):
 PSYoungGen      total 76288K, used 65536K [0x000000076ab00000, 0x0000000775800000, 0x00000007c0000000)
  eden space 65536K, 100% used [0x000000076ab00000,0x000000076eb00000,0x000000076eb00000)
  from space 10752K, 0% used [0x000000076eb00000,0x000000076eb00000,0x000000076f580000)
  to   space 23040K, 0% used [0x0000000774180000,0x0000000774180000,0x0000000775800000)
 ParOldGen       total 129024K, used 23620K [0x00000006c0000000, 0x00000006c7e00000, 0x000000076ab00000)
  object space 129024K, 18% used [0x00000006c0000000,0x00000006c17110e8,0x00000006c7e00000)
 Metaspace       used 26091K, capacity 26814K, committed 27136K, reserved 1073152K
  class space    used 3020K, capacity 3217K, committed 3328K, reserved 1048576K
Event: 7.621 GC heap after
Heap after GC invocations=7 (full 1):
 PSYoungGen      total 120832K, used 19396K [0x000000076ab00000, 0x0000000775480000, 0x00000007c0000000)
  eden space 101376K, 0% used [0x000000076ab00000,0x000000076ab00000,0x0000000770e00000)
  from space 19456K, 99% used [0x0000000774180000,0x00000007754710e0,0x0000000775480000)
  to   space 25088K, 0% used [0x0000000772380000,0x0000000772380000,0x0000000773c00000)
 ParOldGen       total 129024K, used 23628K [0x00000006c0000000, 0x00000006c7e00000, 0x000000076ab00000)
  object space 129024K, 18% used [0x00000006c0000000,0x00000006c17130e8,0x00000006c7e00000)
 Metaspace       used 26091K, capacity 26814K, committed 27136K, reserved 1073152K
  class space    used 3020K, capacity 3217K, committed 3328K, reserved 1048576K
}
Event: 8.199 GC heap before
{Heap before GC invocations=8 (full 1):
 PSYoungGen      total 120832K, used 66308K [0x000000076ab00000, 0x0000000775480000, 0x00000007c0000000)
  eden space 101376K, 46% used [0x000000076ab00000,0x000000076d8cff68,0x0000000770e00000)
  from space 19456K, 99% used [0x0000000774180000,0x00000007754710e0,0x0000000775480000)
  to   space 25088K, 0% used [0x0000000772380000,0x0000000772380000,0x0000000773c00000)
 ParOldGen       total 129024K, used 23628K [0x00000006c0000000, 0x00000006c7e00000, 0x000000076ab00000)
  object space 129024K, 18% used [0x00000006c0000000,0x00000006c17130e8,0x00000006c7e00000)
 Metaspace       used 30137K, capacity 30886K, committed 30976K, reserved 1077248K
  class space    used 3381K, capacity 3573K, committed 3584K, reserved 1048576K

